android/app/build/intermediates/manifest_merge_blame_file/debug/manifest-merger-blame-debug-report.txt
1<?xml version="1.0" encoding="utf-8"?>
2<manifest xmlns:android="http://schemas.android.com/apk/res/android"
3    package="com.travel"
4    android:versionCode="1"
5    android:versionName="1.0" >
6
7    <uses-sdk
8        android:minSdkVersion="21"
9        android:targetSdkVersion="31" />
10
11    <uses-permission android:name="android.permission.SYSTEM_ALERT_WINDOW" />
11-->src\debug\AndroidManifest.xml:5:5-77
11-->src\debug\AndroidManifest.xml:5:22-75
12    <uses-permission android:name="android.permission.INTERNET" />
12-->src\main\AndroidManifest.xml:4:5-67
12-->src\main\AndroidManifest.xml:4:22-64
13    <uses-permission android:name="android.permission.CAMERA" />
13-->src\main\AndroidManifest.xml:5:5-65
13-->src\main\AndroidManifest.xml:5:22-62
14    <uses-permission
14-->src\main\AndroidManifest.xml:6:5-88
15        android:name="android.hardware.camera"
15-->src\main\AndroidManifest.xml:6:22-60
16        android:required="false" />
16-->src\main\AndroidManifest.xml:6:61-85
17    <uses-permission
17-->src\main\AndroidManifest.xml:7:5-94
18        android:name="android.hardware.camera.front"
18-->src\main\AndroidManifest.xml:7:22-66
19        android:required="false" />
19-->src\main\AndroidManifest.xml:7:67-91
20    <uses-permission android:name="android.permission.WRITE_EXTERNAL_STORAGE" />
20-->src\main\AndroidManifest.xml:8:5-81
20-->src\main\AndroidManifest.xml:8:22-78
21    <uses-permission android:name="android.permission.ACCESS_FINE_LOCATION" />
21-->src\main\AndroidManifest.xml:9:5-79
21-->src\main\AndroidManifest.xml:9:22-76
22    <uses-permission android:name="android.permission.ACCESS_WIFI_STATE" />
22-->[com.facebook.flipper:flipper:0.125.0] AndroidManifest.xml:16:5-76
22-->[com.facebook.flipper:flipper:0.125.0] AndroidManifest.xml:16:22-73
23    <uses-permission android:name="android.permission.WAKE_LOCK" />
23-->[:react-native-firebase_auth] AndroidManifest.xml:10:5-68
23-->[:react-native-firebase_auth] AndroidManifest.xml:10:22-65
24    <uses-permission android:name="android.permission.ACCESS_NETWORK_STATE" />
24-->[:react-native-firebase_auth] AndroidManifest.xml:11:5-79
24-->[:react-native-firebase_auth] AndroidManifest.xml:11:22-76
25
26    <queries>
26-->[:react-native-image-crop-picker] AndroidManifest.xml:9:5-13:15
27        <intent>
27-->[:react-native-image-crop-picker] AndroidManifest.xml:10:9-12:18
28            <action android:name="android.media.action.IMAGE_CAPTURE" />
28-->[:react-native-image-crop-picker] AndroidManifest.xml:11:13-73
28-->[:react-native-image-crop-picker] AndroidManifest.xml:11:21-70
29        </intent>
30        <!-- Needs to be explicitly declared on Android R+ -->
31        <package android:name="com.google.android.apps.maps" />
31-->[com.google.android.gms:play-services-maps:18.0.2] AndroidManifest.xml:33:9-64
31-->[com.google.android.gms:play-services-maps:18.0.2] AndroidManifest.xml:33:18-61
32    </queries>
33
34    <uses-permission android:name="android.permission.ACCESS_COARSE_LOCATION" />
34-->[:react-native-maps] AndroidManifest.xml:10:5-81
34-->[:react-native-maps] AndroidManifest.xml:10:22-78
35    <uses-permission android:name="android.permission.RECEIVE_BOOT_COMPLETED" />
35-->[androidx.work:work-runtime:2.7.1] AndroidManifest.xml:27:5-81
35-->[androidx.work:work-runtime:2.7.1] AndroidManifest.xml:27:22-78
36    <uses-permission android:name="android.permission.FOREGROUND_SERVICE" />
36-->[androidx.work:work-runtime:2.7.1] AndroidManifest.xml:28:5-77
36-->[androidx.work:work-runtime:2.7.1] AndroidManifest.xml:28:22-74
37
38    <uses-feature
38-->[com.google.android.gms:play-services-maps:18.0.2] AndroidManifest.xml:26:5-28:35
39        android:glEsVersion="0x00020000"
39-->[com.google.android.gms:play-services-maps:18.0.2] AndroidManifest.xml:27:9-41
40        android:required="true" />
40-->[com.google.android.gms:play-services-maps:18.0.2] AndroidManifest.xml:28:9-32
41
42    <application
42-->src\main\AndroidManifest.xml:11:5-34:19
43        android:name="com.travel.MainApplication"
43-->src\main\AndroidManifest.xml:12:7-38
44        android:allowBackup="false"
44-->src\main\AndroidManifest.xml:16:7-34
45        android:appComponentFactory="androidx.core.app.CoreComponentFactory"
45-->[androidx.core:core:1.6.0] AndroidManifest.xml:24:18-86
46        android:debuggable="true"
47        android:icon="@mipmap/logo"
47-->src\main\AndroidManifest.xml:14:7-34
48        android:label="@string/app_name"
48-->src\main\AndroidManifest.xml:13:7-39
49        android:roundIcon="@mipmap/logo"
49-->src\main\AndroidManifest.xml:15:7-39
50        android:theme="@style/AppTheme"
50-->src\main\AndroidManifest.xml:17:7-38
51        android:usesCleartextTraffic="true" >
51-->src\debug\AndroidManifest.xml:8:9-44
52        <activity
52-->src\debug\AndroidManifest.xml:11:9-111
53            android:name="com.facebook.react.devsupport.DevSettingsActivity"
53-->src\debug\AndroidManifest.xml:11:19-83
54            android:exported="false" />
54-->src\debug\AndroidManifest.xml:11:84-108
55        <activity
55-->src\main\AndroidManifest.xml:18:7-29:18
56            android:name="com.travel.MainActivity"
56-->src\main\AndroidManifest.xml:19:9-37
57            android:configChanges="keyboard|keyboardHidden|orientation|screenLayout|screenSize|smallestScreenSize|uiMode"
57-->src\main\AndroidManifest.xml:21:9-118
58            android:exported="true"
58-->src\main\AndroidManifest.xml:24:9-32
59            android:label="@string/app_name"
59-->src\main\AndroidManifest.xml:20:9-41
60            android:launchMode="singleTask"
60-->src\main\AndroidManifest.xml:22:9-40
61            android:windowSoftInputMode="adjustResize" >
61-->src\main\AndroidManifest.xml:23:9-51
62            <intent-filter>
62-->src\main\AndroidManifest.xml:25:9-28:25
63                <action android:name="android.intent.action.MAIN" />
63-->src\main\AndroidManifest.xml:26:13-65
63-->src\main\AndroidManifest.xml:26:21-62
64
65                <category android:name="android.intent.category.LAUNCHER" />
65-->src\main\AndroidManifest.xml:27:13-73
65-->src\main\AndroidManifest.xml:27:23-70
66            </intent-filter>
67        </activity>
68
69        <meta-data
69-->src\main\AndroidManifest.xml:30:7-33:9
70            android:name="com.google.android.geo.API_KEY"
70-->src\main\AndroidManifest.xml:31:9-54
71            android:value="AIzaSyDXad8EdmIrRRRf4ihKuWVlRrWcC5wSGus" />
71-->src\main\AndroidManifest.xml:32:9-64
72        <meta-data
72-->[:react-native-firebase_app] AndroidManifest.xml:11:9-13:36
73            android:name="app_data_collection_default_enabled"
73-->[:react-native-firebase_app] AndroidManifest.xml:12:13-63
74            android:value="true" />
74-->[:react-native-firebase_app] AndroidManifest.xml:13:13-33
75
76        <service
76-->[:react-native-firebase_app] AndroidManifest.xml:15:9-23:19
77            android:name="com.google.firebase.components.ComponentDiscoveryService"
77-->[:react-native-firebase_app] AndroidManifest.xml:16:13-84
78            android:directBootAware="true"
78-->[:react-native-firebase_app] AndroidManifest.xml:17:13-43
79            android:exported="false" >
79-->[:react-native-firebase_app] AndroidManifest.xml:18:13-37
80            <meta-data
80-->[:react-native-firebase_app] AndroidManifest.xml:20:13-22:85
81                android:name="com.google.firebase.components:io.invertase.firebase.app.ReactNativeFirebaseAppRegistrar"
81-->[:react-native-firebase_app] AndroidManifest.xml:21:17-120
82                android:value="com.google.firebase.components.ComponentRegistrar" />
82-->[:react-native-firebase_app] AndroidManifest.xml:22:17-82
83            <meta-data
83-->[com.google.firebase:firebase-auth:21.0.6] AndroidManifest.xml:67:13-69:85
84                android:name="com.google.firebase.components:com.google.firebase.auth.FirebaseAuthRegistrar"
84-->[com.google.firebase:firebase-auth:21.0.6] AndroidManifest.xml:68:17-109
85                android:value="com.google.firebase.components.ComponentRegistrar" />
85-->[com.google.firebase:firebase-auth:21.0.6] AndroidManifest.xml:69:17-82
86            <meta-data
86-->[com.google.firebase:firebase-firestore:24.2.0] AndroidManifest.xml:20:13-22:85
87                android:name="com.google.firebase.components:com.google.firebase.firestore.FirestoreRegistrar"
87-->[com.google.firebase:firebase-firestore:24.2.0] AndroidManifest.xml:21:17-111
88                android:value="com.google.firebase.components.ComponentRegistrar" />
88-->[com.google.firebase:firebase-firestore:24.2.0] AndroidManifest.xml:22:17-82
89        </service>
90
91        <provider
91-->[:react-native-firebase_app] AndroidManifest.xml:25:9-29:38
92            android:name="io.invertase.firebase.app.ReactNativeFirebaseAppInitProvider"
92-->[:react-native-firebase_app] AndroidManifest.xml:26:13-88
93            android:authorities="com.travel.reactnativefirebaseappinitprovider"
93-->[:react-native-firebase_app] AndroidManifest.xml:27:13-86
94            android:exported="false"
94-->[:react-native-firebase_app] AndroidManifest.xml:28:13-37
95            android:initOrder="99" />
95-->[:react-native-firebase_app] AndroidManifest.xml:29:13-35
96
97        <activity
97-->[com.google.firebase:firebase-auth:21.0.6] AndroidManifest.xml:27:9-44:20
98            android:name="com.google.firebase.auth.internal.GenericIdpActivity"
98-->[com.google.firebase:firebase-auth:21.0.6] AndroidManifest.xml:28:13-80
99            android:excludeFromRecents="true"
99-->[com.google.firebase:firebase-auth:21.0.6] AndroidManifest.xml:29:13-46
100            android:exported="true"
100-->[com.google.firebase:firebase-auth:21.0.6] AndroidManifest.xml:30:13-36
101            android:launchMode="singleTask"
101-->[com.google.firebase:firebase-auth:21.0.6] AndroidManifest.xml:31:13-44
102            android:theme="@android:style/Theme.Translucent.NoTitleBar" >
102-->[com.google.firebase:firebase-auth:21.0.6] AndroidManifest.xml:32:13-72
103            <intent-filter>
103-->[com.google.firebase:firebase-auth:21.0.6] AndroidManifest.xml:33:13-43:29
104                <action android:name="android.intent.action.VIEW" />
104-->[com.google.firebase:firebase-auth:21.0.6] AndroidManifest.xml:34:17-69
104-->[com.google.firebase:firebase-auth:21.0.6] AndroidManifest.xml:34:25-66
105
106                <category android:name="android.intent.category.DEFAULT" />
106-->[com.google.firebase:firebase-auth:21.0.6] AndroidManifest.xml:36:17-76
106-->[com.google.firebase:firebase-auth:21.0.6] AndroidManifest.xml:36:27-73
107                <category android:name="android.intent.category.BROWSABLE" />
107-->[com.google.firebase:firebase-auth:21.0.6] AndroidManifest.xml:37:17-78
107-->[com.google.firebase:firebase-auth:21.0.6] AndroidManifest.xml:37:27-75
108
109                <data
109-->[com.google.firebase:firebase-auth:21.0.6] AndroidManifest.xml:39:17-42:51
110                    android:host="firebase.auth"
110-->[com.google.firebase:firebase-auth:21.0.6] AndroidManifest.xml:40:21-49
111                    android:path="/"
111-->[com.google.firebase:firebase-auth:21.0.6] AndroidManifest.xml:41:21-37
112                    android:scheme="genericidp" />
112-->[com.google.firebase:firebase-auth:21.0.6] AndroidManifest.xml:42:21-48
113            </intent-filter>
114        </activity>
115        <activity
115-->[com.google.firebase:firebase-auth:21.0.6] AndroidManifest.xml:45:9-62:20
116            android:name="com.google.firebase.auth.internal.RecaptchaActivity"
116-->[com.google.firebase:firebase-auth:21.0.6] AndroidManifest.xml:46:13-79
117            android:excludeFromRecents="true"
117-->[com.google.firebase:firebase-auth:21.0.6] AndroidManifest.xml:47:13-46
118            android:exported="true"
118-->[com.google.firebase:firebase-auth:21.0.6] AndroidManifest.xml:48:13-36
119            android:launchMode="singleTask"
119-->[com.google.firebase:firebase-auth:21.0.6] AndroidManifest.xml:49:13-44
120            android:theme="@android:style/Theme.Translucent.NoTitleBar" >
120-->[com.google.firebase:firebase-auth:21.0.6] AndroidManifest.xml:50:13-72
121            <intent-filter>
121-->[com.google.firebase:firebase-auth:21.0.6] AndroidManifest.xml:51:13-61:29
122                <action android:name="android.intent.action.VIEW" />
122-->[com.google.firebase:firebase-auth:21.0.6] AndroidManifest.xml:34:17-69
122-->[com.google.firebase:firebase-auth:21.0.6] AndroidManifest.xml:34:25-66
123
124                <category android:name="android.intent.category.DEFAULT" />
124-->[com.google.firebase:firebase-auth:21.0.6] AndroidManifest.xml:36:17-76
124-->[com.google.firebase:firebase-auth:21.0.6] AndroidManifest.xml:36:27-73
125                <category android:name="android.intent.category.BROWSABLE" />
125-->[com.google.firebase:firebase-auth:21.0.6] AndroidManifest.xml:37:17-78
125-->[com.google.firebase:firebase-auth:21.0.6] AndroidManifest.xml:37:27-75
126
127                <data
127-->[com.google.firebase:firebase-auth:21.0.6] AndroidManifest.xml:39:17-42:51
128                    android:host="firebase.auth"
128-->[com.google.firebase:firebase-auth:21.0.6] AndroidManifest.xml:40:21-49
129                    android:path="/"
129-->[com.google.firebase:firebase-auth:21.0.6] AndroidManifest.xml:41:21-37
130                    android:scheme="recaptcha" />
130-->[com.google.firebase:firebase-auth:21.0.6] AndroidManifest.xml:42:21-48
131            </intent-filter>
132        </activity>
133
134        <provider
134-->[:react-native-image-crop-picker] AndroidManifest.xml:18:9-26:20
135            android:name="com.reactnative.ivpusic.imagepicker.IvpusicImagePickerFileProvider"
135-->[:react-native-image-crop-picker] AndroidManifest.xml:19:13-94
136            android:authorities="com.travel.provider"
136-->[:react-native-image-crop-picker] AndroidManifest.xml:20:13-60
137            android:exported="false"
137-->[:react-native-image-crop-picker] AndroidManifest.xml:21:13-37
138            android:grantUriPermissions="true" >
138-->[:react-native-image-crop-picker] AndroidManifest.xml:22:13-47
139            <meta-data
139-->[:react-native-image-crop-picker] AndroidManifest.xml:23:13-25:78
140                android:name="android.support.FILE_PROVIDER_PATHS"
140-->[:react-native-image-crop-picker] AndroidManifest.xml:24:17-67
141                android:resource="@xml/ivpusic_imagepicker_provider_paths" />
141-->[:react-native-image-crop-picker] AndroidManifest.xml:25:17-75
142        </provider>
143
144        <activity
144-->[:react-native-image-crop-picker] AndroidManifest.xml:28:9-30:72
145            android:name="com.yalantis.ucrop.UCropActivity"
145-->[:react-native-image-crop-picker] AndroidManifest.xml:29:13-60
146            android:theme="@style/Theme.AppCompat.Light.NoActionBar" />
146-->[:react-native-image-crop-picker] AndroidManifest.xml:30:13-69
147
148        <provider
148-->[com.google.firebase:firebase-common:20.1.1] AndroidManifest.xml:26:9-31:39
149            android:name="com.google.firebase.provider.FirebaseInitProvider"
149-->[com.google.firebase:firebase-common:20.1.1] AndroidManifest.xml:27:13-77
150            android:authorities="com.travel.firebaseinitprovider"
150-->[com.google.firebase:firebase-common:20.1.1] AndroidManifest.xml:28:13-72
151            android:directBootAware="true"
151-->[com.google.firebase:firebase-common:20.1.1] AndroidManifest.xml:29:13-43
152            android:exported="false"
152-->[com.google.firebase:firebase-common:20.1.1] AndroidManifest.xml:30:13-37
153            android:initOrder="100" />
153-->[com.google.firebase:firebase-common:20.1.1] AndroidManifest.xml:31:13-36
154        <provider
154-->[androidx.work:work-runtime:2.7.1] AndroidManifest.xml:31:9-39:20
155            android:name="androidx.startup.InitializationProvider"
155-->[androidx.work:work-runtime:2.7.1] AndroidManifest.xml:32:13-67
156            android:authorities="com.travel.androidx-startup"
156-->[androidx.work:work-runtime:2.7.1] AndroidManifest.xml:33:13-68
157            android:exported="false" >
157-->[androidx.work:work-runtime:2.7.1] AndroidManifest.xml:34:13-37
158            <meta-data
158-->[androidx.work:work-runtime:2.7.1] AndroidManifest.xml:36:13-38:52
159                android:name="androidx.work.WorkManagerInitializer"
159-->[androidx.work:work-runtime:2.7.1] AndroidManifest.xml:37:17-68
160                android:value="androidx.startup" />
160-->[androidx.work:work-runtime:2.7.1] AndroidManifest.xml:38:17-49
161        </provider>
162
163        <service
163-->[androidx.work:work-runtime:2.7.1] AndroidManifest.xml:41:9-46:35
164            android:name="androidx.work.impl.background.systemalarm.SystemAlarmService"
164-->[androidx.work:work-runtime:2.7.1] AndroidManifest.xml:42:13-88
165            android:directBootAware="false"
165-->[androidx.work:work-runtime:2.7.1] AndroidManifest.xml:43:13-44
166            android:enabled="@bool/enable_system_alarm_service_default"
166-->[androidx.work:work-runtime:2.7.1] AndroidManifest.xml:44:13-72
167            android:exported="false" />
167-->[androidx.work:work-runtime:2.7.1] AndroidManifest.xml:45:13-37
168        <service
168-->[androidx.work:work-runtime:2.7.1] AndroidManifest.xml:47:9-53:35
169            android:name="androidx.work.impl.background.systemjob.SystemJobService"
169-->[androidx.work:work-runtime:2.7.1] AndroidManifest.xml:48:13-84
170            android:directBootAware="false"
170-->[androidx.work:work-runtime:2.7.1] AndroidManifest.xml:49:13-44
171            android:enabled="@bool/enable_system_job_service_default"
171-->[androidx.work:work-runtime:2.7.1] AndroidManifest.xml:50:13-70
172            android:exported="true"
172-->[androidx.work:work-runtime:2.7.1] AndroidManifest.xml:51:13-36
173            android:permission="android.permission.BIND_JOB_SERVICE" />
173-->[androidx.work:work-runtime:2.7.1] AndroidManifest.xml:52:13-69
174        <service
174-->[androidx.work:work-runtime:2.7.1] AndroidManifest.xml:54:9-59:35
175            android:name="androidx.work.impl.foreground.SystemForegroundService"
175-->[androidx.work:work-runtime:2.7.1] AndroidManifest.xml:55:13-81
176            android:directBootAware="false"
176-->[androidx.work:work-runtime:2.7.1] AndroidManifest.xml:56:13-44
177            android:enabled="@bool/enable_system_foreground_service_default"
177-->[androidx.work:work-runtime:2.7.1] AndroidManifest.xml:57:13-77
178            android:exported="false" />
178-->[androidx.work:work-runtime:2.7.1] AndroidManifest.xml:58:13-37
179
180        <receiver
180-->[androidx.work:work-runtime:2.7.1] AndroidManifest.xml:61:9-66:35
181            android:name="androidx.work.impl.utils.ForceStopRunnable$BroadcastReceiver"
181-->[androidx.work:work-runtime:2.7.1] AndroidManifest.xml:62:13-88
182            android:directBootAware="false"
182-->[androidx.work:work-runtime:2.7.1] AndroidManifest.xml:63:13-44
183            android:enabled="true"
183-->[androidx.work:work-runtime:2.7.1] AndroidManifest.xml:64:13-35
184            android:exported="false" />
184-->[androidx.work:work-runtime:2.7.1] AndroidManifest.xml:65:13-37
185        <receiver
185-->[androidx.work:work-runtime:2.7.1] AndroidManifest.xml:67:9-77:20
186            android:name="androidx.work.impl.background.systemalarm.ConstraintProxy$BatteryChargingProxy"
186-->[androidx.work:work-runtime:2.7.1] AndroidManifest.xml:68:13-106
187            android:directBootAware="false"
187-->[androidx.work:work-runtime:2.7.1] AndroidManifest.xml:69:13-44
188            android:enabled="false"
188-->[androidx.work:work-runtime:2.7.1] AndroidManifest.xml:70:13-36
189            android:exported="false" >
189-->[androidx.work:work-runtime:2.7.1] AndroidManifest.xml:71:13-37
190            <intent-filter>
190-->[androidx.work:work-runtime:2.7.1] AndroidManifest.xml:73:13-76:29
191                <action android:name="android.intent.action.ACTION_POWER_CONNECTED" />
191-->[androidx.work:work-runtime:2.7.1] AndroidManifest.xml:74:17-87
191-->[androidx.work:work-runtime:2.7.1] AndroidManifest.xml:74:25-84
192                <action android:name="android.intent.action.ACTION_POWER_DISCONNECTED" />
192-->[androidx.work:work-runtime:2.7.1] AndroidManifest.xml:75:17-90
192-->[androidx.work:work-runtime:2.7.1] AndroidManifest.xml:75:25-87
193            </intent-filter>
194        </receiver>
195        <receiver
195-->[androidx.work:work-runtime:2.7.1] AndroidManifest.xml:78:9-88:20
196            android:name="androidx.work.impl.background.systemalarm.ConstraintProxy$BatteryNotLowProxy"
196-->[androidx.work:work-runtime:2.7.1] AndroidManifest.xml:79:13-104
197            android:directBootAware="false"
197-->[androidx.work:work-runtime:2.7.1] AndroidManifest.xml:80:13-44
198            android:enabled="false"
198-->[androidx.work:work-runtime:2.7.1] AndroidManifest.xml:81:13-36
199            android:exported="false" >
199-->[androidx.work:work-runtime:2.7.1] AndroidManifest.xml:82:13-37
200            <intent-filter>
200-->[androidx.work:work-runtime:2.7.1] AndroidManifest.xml:84:13-87:29
201                <action android:name="android.intent.action.BATTERY_OKAY" />
201-->[androidx.work:work-runtime:2.7.1] AndroidManifest.xml:85:17-77
201-->[androidx.work:work-runtime:2.7.1] AndroidManifest.xml:85:25-74
202                <action android:name="android.intent.action.BATTERY_LOW" />
202-->[androidx.work:work-runtime:2.7.1] AndroidManifest.xml:86:17-76
202-->[androidx.work:work-runtime:2.7.1] AndroidManifest.xml:86:25-73
203            </intent-filter>
204        </receiver>
205        <receiver
205-->[androidx.work:work-runtime:2.7.1] AndroidManifest.xml:89:9-99:20
206            android:name="androidx.work.impl.background.systemalarm.ConstraintProxy$StorageNotLowProxy"
206-->[androidx.work:work-runtime:2.7.1] AndroidManifest.xml:90:13-104
207            android:directBootAware="false"
207-->[androidx.work:work-runtime:2.7.1] AndroidManifest.xml:91:13-44
208            android:enabled="false"
208-->[androidx.work:work-runtime:2.7.1] AndroidManifest.xml:92:13-36
209            android:exported="false" >
209-->[androidx.work:work-runtime:2.7.1] AndroidManifest.xml:93:13-37
210            <intent-filter>
210-->[androidx.work:work-runtime:2.7.1] AndroidManifest.xml:95:13-98:29
211                <action android:name="android.intent.action.DEVICE_STORAGE_LOW" />
211-->[androidx.work:work-runtime:2.7.1] AndroidManifest.xml:96:17-83
211-->[androidx.work:work-runtime:2.7.1] AndroidManifest.xml:96:25-80
212                <action android:name="android.intent.action.DEVICE_STORAGE_OK" />
212-->[androidx.work:work-runtime:2.7.1] AndroidManifest.xml:97:17-82
212-->[androidx.work:work-runtime:2.7.1] AndroidManifest.xml:97:25-79
213            </intent-filter>
214        </receiver>
215        <receiver
215-->[androidx.work:work-runtime:2.7.1] AndroidManifest.xml:100:9-109:20
216            android:name="androidx.work.impl.background.systemalarm.ConstraintProxy$NetworkStateProxy"
216-->[androidx.work:work-runtime:2.7.1] AndroidManifest.xml:101:13-103
217            android:directBootAware="false"
217-->[androidx.work:work-runtime:2.7.1] AndroidManifest.xml:102:13-44
218            android:enabled="false"
218-->[androidx.work:work-runtime:2.7.1] AndroidManifest.xml:103:13-36
219            android:exported="false" >
219-->[androidx.work:work-runtime:2.7.1] AndroidManifest.xml:104:13-37
220            <intent-filter>
220-->[androidx.work:work-runtime:2.7.1] AndroidManifest.xml:106:13-108:29
221                <action android:name="android.net.conn.CONNECTIVITY_CHANGE" />
221-->[androidx.work:work-runtime:2.7.1] AndroidManifest.xml:107:17-79
221-->[androidx.work:work-runtime:2.7.1] AndroidManifest.xml:107:25-76
222            </intent-filter>
223        </receiver>
224        <receiver
224-->[androidx.work:work-runtime:2.7.1] AndroidManifest.xml:110:9-121:20
225            android:name="androidx.work.impl.background.systemalarm.RescheduleReceiver"
225-->[androidx.work:work-runtime:2.7.1] AndroidManifest.xml:111:13-88
226            android:directBootAware="false"
226-->[androidx.work:work-runtime:2.7.1] AndroidManifest.xml:112:13-44
227            android:enabled="false"
227-->[androidx.work:work-runtime:2.7.1] AndroidManifest.xml:113:13-36
228            android:exported="false" >
228-->[androidx.work:work-runtime:2.7.1] AndroidManifest.xml:114:13-37
229            <intent-filter>
229-->[androidx.work:work-runtime:2.7.1] AndroidManifest.xml:116:13-120:29
230                <action android:name="android.intent.action.BOOT_COMPLETED" />
230-->[androidx.work:work-runtime:2.7.1] AndroidManifest.xml:117:17-79
230-->[androidx.work:work-runtime:2.7.1] AndroidManifest.xml:117:25-76
231                <action android:name="android.intent.action.TIME_SET" />
231-->[androidx.work:work-runtime:2.7.1] AndroidManifest.xml:118:17-73
231-->[androidx.work:work-runtime:2.7.1] AndroidManifest.xml:118:25-70
232                <action android:name="android.intent.action.TIMEZONE_CHANGED" />
232-->[androidx.work:work-runtime:2.7.1] AndroidManifest.xml:119:17-81
232-->[androidx.work:work-runtime:2.7.1] AndroidManifest.xml:119:25-78
233            </intent-filter>
234        </receiver>
235        <receiver
235-->[androidx.work:work-runtime:2.7.1] AndroidManifest.xml:122:9-131:20
236            android:name="androidx.work.impl.background.systemalarm.ConstraintProxyUpdateReceiver"
236-->[androidx.work:work-runtime:2.7.1] AndroidManifest.xml:123:13-99
237            android:directBootAware="false"
237-->[androidx.work:work-runtime:2.7.1] AndroidManifest.xml:124:13-44
238            android:enabled="@bool/enable_system_alarm_service_default"
238-->[androidx.work:work-runtime:2.7.1] AndroidManifest.xml:125:13-72
239            android:exported="false" >
239-->[androidx.work:work-runtime:2.7.1] AndroidManifest.xml:126:13-37
240            <intent-filter>
240-->[androidx.work:work-runtime:2.7.1] AndroidManifest.xml:128:13-130:29
241                <action android:name="androidx.work.impl.background.systemalarm.UpdateProxies" />
241-->[androidx.work:work-runtime:2.7.1] AndroidManifest.xml:129:17-98
241-->[androidx.work:work-runtime:2.7.1] AndroidManifest.xml:129:25-95
242            </intent-filter>
243        </receiver>
244        <receiver
244-->[androidx.work:work-runtime:2.7.1] AndroidManifest.xml:132:9-142:20
245            android:name="androidx.work.impl.diagnostics.DiagnosticsReceiver"
245-->[androidx.work:work-runtime:2.7.1] AndroidManifest.xml:133:13-78
246            android:directBootAware="false"
246-->[androidx.work:work-runtime:2.7.1] AndroidManifest.xml:134:13-44
247            android:enabled="true"
247-->[androidx.work:work-runtime:2.7.1] AndroidManifest.xml:135:13-35
248            android:exported="true"
248-->[androidx.work:work-runtime:2.7.1] AndroidManifest.xml:136:13-36
249            android:permission="android.permission.DUMP" >
249-->[androidx.work:work-runtime:2.7.1] AndroidManifest.xml:137:13-57
250            <intent-filter>
250-->[androidx.work:work-runtime:2.7.1] AndroidManifest.xml:139:13-141:29
251                <action android:name="androidx.work.diagnostics.REQUEST_DIAGNOSTICS" />
251-->[androidx.work:work-runtime:2.7.1] AndroidManifest.xml:140:17-88
251-->[androidx.work:work-runtime:2.7.1] AndroidManifest.xml:140:25-85
252            </intent-filter>
253        </receiver>
254
255        <service
255-->[androidx.room:room-runtime:2.2.5] AndroidManifest.xml:25:9-28:40
256            android:name="androidx.room.MultiInstanceInvalidationService"
256-->[androidx.room:room-runtime:2.2.5] AndroidManifest.xml:26:13-74
257            android:directBootAware="true"
257-->[androidx.room:room-runtime:2.2.5] AndroidManifest.xml:27:13-43
258            android:exported="false" />
258-->[androidx.room:room-runtime:2.2.5] AndroidManifest.xml:28:13-37
259
260        <activity
260-->[com.google.android.gms:play-services-auth:20.2.0] AndroidManifest.xml:23:9-27:75
261            android:name="com.google.android.gms.auth.api.signin.internal.SignInHubActivity"
261-->[com.google.android.gms:play-services-auth:20.2.0] AndroidManifest.xml:24:13-93
262            android:excludeFromRecents="true"
262-->[com.google.android.gms:play-services-auth:20.2.0] AndroidManifest.xml:25:13-46
263            android:exported="false"
263-->[com.google.android.gms:play-services-auth:20.2.0] AndroidManifest.xml:26:13-37
264            android:theme="@android:style/Theme.Translucent.NoTitleBar" />
264-->[com.google.android.gms:play-services-auth:20.2.0] AndroidManifest.xml:27:13-72
265        <!--
266            Service handling Google Sign-In user revocation. For apps that do not integrate with
267            Google Sign-In, this service will never be started.
268        -->
269        <service
269-->[com.google.android.gms:play-services-auth:20.2.0] AndroidManifest.xml:33:9-37:51
270            android:name="com.google.android.gms.auth.api.signin.RevocationBoundService"
270-->[com.google.android.gms:play-services-auth:20.2.0] AndroidManifest.xml:34:13-89
271            android:exported="true"
271-->[com.google.android.gms:play-services-auth:20.2.0] AndroidManifest.xml:35:13-36
272            android:permission="com.google.android.gms.auth.api.signin.permission.REVOCATION_NOTIFICATION"
272-->[com.google.android.gms:play-services-auth:20.2.0] AndroidManifest.xml:36:13-107
273            android:visibleToInstantApps="true" /> <!-- Needs to be explicitly declared on P+ -->
273-->[com.google.android.gms:play-services-auth:20.2.0] AndroidManifest.xml:37:13-48
274        <uses-library
274-->[com.google.android.gms:play-services-maps:18.0.2] AndroidManifest.xml:39:9-41:40
275            android:name="org.apache.http.legacy"
275-->[com.google.android.gms:play-services-maps:18.0.2] AndroidManifest.xml:40:13-50
276            android:required="false" />
276-->[com.google.android.gms:play-services-maps:18.0.2] AndroidManifest.xml:41:13-37
277
278        <activity